app/build/outputs/mapping/release/mapping.txt
# compiler: R8
# compiler_version: 1.4.94
# min_api: 17
br.com.positivo.androidtestframework.R$styleable -> c.a.a.a.a:
...
android.support.v4.media.MediaBrowserServiceCompat$Result -> android.support.v4.media.MediaBrowserServiceCompat$i:
    java.lang.Object mDebug -> a
    int mFlags -> e
    boolean mDetachCalled -> b
    boolean mSendResultCalled -> c
    boolean mSendErrorCalled -> d
    boolean isDone() -> a
    void onErrorSent(android.os.Bundle) -> a
    void onResultSent(java.lang.Object) -> a
    void sendResult(java.lang.Object) -> b
android.support.v4.media.MediaBrowserServiceCompat$ServiceBinderImpl -> android.support.v4.media.MediaBrowserServiceCompat$j:
    android.support.v4.media.MediaBrowserServiceCompat this$0 -> a
    void getMediaItem(java.lang.String,android.support.v4.os.ResultReceiver,android.support.v4.media.MediaBrowserServiceCompat$ServiceCallbacks) -> a
    void search(java.lang.String,android.os.Bundle,android.support.v4.os.ResultReceiver,android.support.v4.media.MediaBrowserServiceCompat$ServiceCallbacks) -> a
    void sendCustomAction(java.lang.String,android.os.Bundle,android.support.v4.os.ResultReceiver,android.support.v4.media.MediaBrowserServiceCompat$ServiceCallbacks) -> b
android.support.v4.media.MediaBrowserServiceCompat$ServiceBinderImpl$1 -> a.b.b.c.w:
    android.os.Bundle val$rootHints -> e
    android.support.v4.media.MediaBrowserServiceCompat$ServiceCallbacks val$callbacks -> a
    int val$uid -> d
    java.lang.String val$pkg -> b
    int val$pid -> c
    android.support.v4.media.MediaBrowserServiceCompat$ServiceBinderImpl this$1 -> f
    1:1:void android.support.v4.media.MediaBrowserServiceCompat$ServiceCallbacksCompat.onConnectFailed():0:0 -> run
    1:1:void run():0 -> run
    2:2:void run():0:0 -> run
android.support.v4.media.MediaBrowserServiceCompat$ServiceBinderImpl$2 -> a.b.b.c.x:
    android.support.v4.media.MediaBrowserServiceCompat$ServiceBinderImpl this$1 -> b
    android.support.v4.media.MediaBrowserServiceCompat$ServiceCallbacks val$callbacks -> a
android.support.v4.media.MediaBrowserServiceCompat$ServiceBinderImpl$3 -> a.b.b.c.y:
    android.os.IBinder val$token -> c
    android.os.Bundle val$options -> d
    android.support.v4.media.MediaBrowserServiceCompat$ServiceCallbacks val$callbacks -> a
    java.lang.String val$id -> b
    android.support.v4.media.MediaBrowserServiceCompat$ServiceBinderImpl this$1 -> e
android.support.v4.media.MediaBrowserServiceCompat$ServiceBinderImpl$4 -> a.b.b.c.z:
    android.os.IBinder val$token -> c
    android.support.v4.media.MediaBrowserServiceCompat$ServiceCallbacks val$callbacks -> a
    java.lang.String val$id -> b
    android.support.v4.media.MediaBrowserServiceCompat$ServiceBinderImpl this$1 -> d
android.support.v4.media.MediaBrowserServiceCompat$ServiceBinderImpl$5 -> a.b.b.c.A:
    android.support.v4.media.MediaBrowserServiceCompat$ServiceCallbacks val$callbacks -> a
    java.lang.String val$mediaId -> b
    android.support.v4.media.MediaBrowserServiceCompat$ServiceBinderImpl this$1 -> d
    android.support.v4.os.ResultReceiver val$receiver -> c
android.support.v4.media.MediaBrowserServiceCompat$ServiceBinderImpl$6 -> a.b.b.c.B:
    android.os.Bundle val$rootHints -> e
    android.support.v4.media.MediaBrowserServiceCompat$ServiceCallbacks val$callbacks -> a
    int val$uid -> d
    java.lang.String val$pkg -> b
    int val$pid -> c
    android.support.v4.media.MediaBrowserServiceCompat$ServiceBinderImpl this$1 -> f
android.support.v4.media.MediaBrowserServiceCompat$ServiceBinderImpl$7 -> a.b.b.c.C:
    android.support.v4.media.MediaBrowserServiceCompat$ServiceBinderImpl this$1 -> b
    android.support.v4.media.MediaBrowserServiceCompat$ServiceCallbacks val$callbacks -> a